TN:
SF:src/components/users/usecases/authenticateUserUseCase/AuthenticateUserUseCase.ts
FN:10,AuthenticateUserUseCase
FN:19,perform
FNF:2
FNH:2
FNDA:3,AuthenticateUserUseCase
FNDA:3,perform
DA:1,1
DA:2,1
DA:3,1
DA:4,1
DA:5,1
DA:6,1
DA:7,1
DA:8,1
DA:9,1
DA:10,1
DA:11,3
DA:12,3
DA:13,3
DA:14,3
DA:15,3
DA:16,3
DA:17,3
DA:18,1
DA:19,1
DA:20,3
DA:21,3
DA:22,3
DA:23,1
DA:24,1
DA:25,2
DA:26,2
DA:27,2
DA:28,3
DA:29,1
DA:30,1
DA:31,1
DA:32,1
DA:33,1
DA:34,1
DA:35,1
DA:36,1
DA:37,1
DA:38,1
DA:39,1
DA:40,1
DA:41,1
DA:42,1
DA:43,1
DA:44,1
LF:44
LH:44
BRDA:10,0,0,3
BRDA:19,1,0,3
BRDA:22,2,0,1
BRDA:25,3,0,2
BRDA:28,4,0,1
BRF:5
BRH:5
end_of_record
TN:
SF:src/components/users/usecases/createUserUseCase/CreateUserUseCase.ts
FN:10,CreateUserUseCase
FN:17,perform
FNF:2
FNH:2
FNDA:8,CreateUserUseCase
FNDA:8,perform
DA:1,1
DA:2,1
DA:3,1
DA:4,1
DA:5,1
DA:6,1
DA:7,1
DA:8,1
DA:9,1
DA:10,1
DA:11,8
DA:12,8
DA:13,8
DA:14,8
DA:15,8
DA:16,1
DA:17,1
DA:18,8
DA:19,8
DA:20,1
DA:21,1
DA:22,7
DA:23,7
DA:24,7
DA:25,7
DA:26,1
LF:26
LH:26
BRDA:10,0,0,8
BRDA:17,1,0,8
BRDA:19,2,0,1
BRDA:22,3,0,7
BRF:4
BRH:4
end_of_record
