TN:
SF:src/components/clients/usecases/createClientUseCase/CreateClientUseCase.ts
FN:9,CreateClientUseCase
FN:13,perform
FNF:2
FNH:2
FNDA:4,CreateClientUseCase
FNDA:5,perform
DA:1,1
DA:2,1
DA:3,1
DA:4,1
DA:5,1
DA:6,1
DA:7,1
DA:8,1
DA:9,1
DA:10,4
DA:11,4
DA:12,4
DA:13,1
DA:14,5
DA:15,5
DA:16,1
DA:17,1
DA:18,4
DA:19,4
DA:20,4
DA:21,1
LF:21
LH:21
BRDA:9,0,0,4
BRDA:13,1,0,5
BRDA:15,2,0,1
BRDA:18,3,0,4
BRF:4
BRH:4
end_of_record
TN:
SF:src/components/clients/usecases/deleteClientUseCase/DeleteClientUseCase.ts
FN:8,DeleteClientUseCase
FN:12,perform
FNF:2
FNH:2
FNDA:2,DeleteClientUseCase
FNDA:2,perform
DA:1,1
DA:2,1
DA:3,1
DA:4,1
DA:5,1
DA:6,1
DA:7,1
DA:8,1
DA:9,2
DA:10,2
DA:11,2
DA:12,1
DA:13,2
DA:14,2
DA:15,1
DA:16,1
DA:17,1
DA:18,1
DA:19,1
DA:20,1
DA:21,1
DA:22,1
DA:23,1
DA:24,1
DA:25,1
LF:25
LH:25
BRDA:8,0,0,2
BRDA:12,1,0,2
BRDA:14,2,0,1
BRF:3
BRH:3
end_of_record
TN:
SF:src/components/clients/usecases/listAllClientsUseCase/listAllClientsUseCase.ts
FN:7,ListAllClientsUseCase
FN:11,perform
FNF:2
FNH:2
FNDA:1,ListAllClientsUseCase
FNDA:1,perform
DA:1,1
DA:2,1
DA:3,1
DA:4,1
DA:5,1
DA:6,1
DA:7,1
DA:8,1
DA:9,1
DA:10,1
DA:11,1
DA:12,1
DA:13,1
DA:14,1
DA:15,1
LF:15
LH:15
BRDA:7,0,0,1
BRDA:11,1,0,1
BRF:2
BRH:2
end_of_record
TN:
SF:src/components/clients/usecases/listIndividualClientUseCase/ListIndividualClientUseCase.ts
FN:8,ListIndividualClientUseCase
FN:12,perform
FNF:2
FNH:2
FNDA:2,ListIndividualClientUseCase
FNDA:2,perform
DA:1,1
DA:2,1
DA:3,1
DA:4,1
DA:5,1
DA:6,1
DA:7,1
DA:8,1
DA:9,2
DA:10,2
DA:11,2
DA:12,1
DA:13,2
DA:14,2
DA:15,2
DA:16,1
DA:17,1
DA:18,1
DA:19,1
DA:20,1
DA:21,1
LF:21
LH:21
BRDA:8,0,0,2
BRDA:12,1,0,2
BRDA:15,2,0,1
BRF:3
BRH:3
end_of_record
TN:
SF:src/components/clients/usecases/updateClientUseCase/UpdateClientUseCase.ts
FN:8,UpdateClientUseCase
FN:12,perform
FNF:2
FNH:2
FNDA:1,UpdateClientUseCase
FNDA:1,perform
DA:1,1
DA:2,1
DA:3,1
DA:4,1
DA:5,1
DA:6,1
DA:7,1
DA:8,1
DA:9,1
DA:10,1
DA:11,1
DA:12,1
DA:13,1
DA:14,1
DA:15,1
DA:16,1
DA:17,1
LF:17
LH:17
BRDA:8,0,0,1
BRDA:12,1,0,1
BRF:2
BRH:2
end_of_record
TN:
SF:src/components/users/usecases/authenticateUserUseCase/AuthenticateUserUseCase.ts
FN:10,AuthenticateUserUseCase
FN:19,perform
FNF:2
FNH:2
FNDA:3,AuthenticateUserUseCase
FNDA:3,perform
DA:1,1
DA:2,1
DA:3,1
DA:4,1
DA:5,1
DA:6,1
DA:7,1
DA:8,1
DA:9,1
DA:10,1
DA:11,3
DA:12,3
DA:13,3
DA:14,3
DA:15,3
DA:16,3
DA:17,3
DA:18,1
DA:19,1
DA:20,3
DA:21,3
DA:22,3
DA:23,1
DA:24,1
DA:25,2
DA:26,2
DA:27,2
DA:28,3
DA:29,1
DA:30,1
DA:31,1
DA:32,1
DA:33,1
DA:34,1
DA:35,1
DA:36,1
DA:37,1
DA:38,1
DA:39,1
DA:40,1
DA:41,1
DA:42,1
DA:43,1
DA:44,1
LF:44
LH:44
BRDA:10,0,0,3
BRDA:19,1,0,3
BRDA:22,2,0,1
BRDA:25,3,0,2
BRDA:28,4,0,1
BRF:5
BRH:5
end_of_record
TN:
SF:src/components/users/usecases/createUserUseCase/CreateUserUseCase.ts
FN:10,CreateUserUseCase
FN:17,perform
FNF:2
FNH:2
FNDA:10,CreateUserUseCase
FNDA:10,perform
DA:1,1
DA:2,1
DA:3,1
DA:4,1
DA:5,1
DA:6,1
DA:7,1
DA:8,1
DA:9,1
DA:10,1
DA:11,10
DA:12,10
DA:13,10
DA:14,10
DA:15,10
DA:16,1
DA:17,1
DA:18,10
DA:19,10
DA:20,1
DA:21,1
DA:22,9
DA:23,9
DA:24,9
DA:25,9
DA:26,1
LF:26
LH:26
BRDA:10,0,0,10
BRDA:17,1,0,10
BRDA:19,2,0,1
BRDA:22,3,0,9
BRF:4
BRH:4
end_of_record
TN:
SF:src/components/users/usecases/recoveryPasswordUseCase/RecoveryPasswordUseCase.ts
FN:8,RecoveryPasswordUseCase
FN:16,perform
FNF:2
FNH:2
FNDA:2,RecoveryPasswordUseCase
FNDA:2,perform
DA:1,1
DA:2,1
DA:3,1
DA:4,1
DA:5,1
DA:6,1
DA:7,1
DA:8,1
DA:9,2
DA:10,2
DA:11,2
DA:12,2
DA:13,2
DA:14,2
DA:15,2
DA:16,1
DA:17,2
DA:18,2
DA:19,2
DA:20,1
DA:21,1
DA:22,1
DA:23,1
DA:24,1
DA:25,1
DA:26,1
DA:27,1
DA:28,1
DA:29,1
LF:29
LH:29
BRDA:8,0,0,2
BRDA:16,1,0,2
BRDA:19,2,0,1
BRF:3
BRH:3
end_of_record
TN:
SF:src/components/users/usecases/refreshTokenUseCase/RefreshTokenUseCase.ts
FN:9,RefreshTokenUseCase
FN:15,perform
FNF:2
FNH:2
FNDA:4,RefreshTokenUseCase
FNDA:5,perform
DA:1,1
DA:2,1
DA:3,1
DA:4,1
DA:5,1
DA:6,1
DA:7,1
DA:8,1
DA:9,1
DA:10,4
DA:11,4
DA:12,4
DA:13,4
DA:14,4
DA:15,1
DA:16,5
DA:17,5
DA:18,5
DA:19,1
DA:20,1
DA:21,4
DA:22,4
DA:23,4
DA:24,4
DA:25,4
DA:26,4
DA:27,4
DA:28,4
DA:29,1
LF:29
LH:29
BRDA:9,0,0,4
BRDA:15,1,0,5
BRDA:18,2,0,1
BRDA:21,3,0,4
BRF:4
BRH:4
end_of_record
